Started GET "/" for 127.0.0.1 at 2024-03-18 10:43:53 +0700
  [1m[35m (3.6ms)[0m  [1m[35mCREATE TABLE "schema_migrations" ("version" varchar NOT NULL PRIMARY KEY)[0m
  [1m[35m (0.2ms)[0m  [1m[35mCREATE TABLE "ar_internal_metadata" ("key" varchar NOT NULL PRIMARY KEY, "value" varchar, "created_at" datetime(6) NOT NULL, "updated_at" datetime(6) NOT NULL)[0m
  [1m[36mActiveRecord::SchemaMigration Load (0.2ms)[0m  [1m[34mSELECT "schema_migrations"."version" FROM "schema_migrations" ORDER BY "schema_migrations"."version" ASC[0m
Processing by Rails::WelcomeController#index as HTML
  Rendering /home/fzn/.rbenv/versions/3.3.0/lib/ruby/gems/3.3.0/gems/railties-7.1.3.2/lib/rails/templates/rails/welcome/index.html.erb
  Rendered /home/fzn/.rbenv/versions/3.3.0/lib/ruby/gems/3.3.0/gems/railties-7.1.3.2/lib/rails/templates/rails/welcome/index.html.erb (Duration: 0.6ms | Allocations: 374)
Completed 200 OK in 13ms (Views: 5.1ms | ActiveRecord: 0.0ms | Allocations: 7755)


Started GET "/" for 127.0.0.1 at 2024-03-18 20:49:02 +0700
  [1m[36mActiveRecord::SchemaMigration Load (0.1ms)[0m  [1m[34mSELECT "schema_migrations"."version" FROM "schema_migrations" ORDER BY "schema_migrations"."version" ASC[0m
Processing by Rails::WelcomeController#index as HTML
  Rendering /home/fzn/.rbenv/versions/3.3.0/lib/ruby/gems/3.3.0/gems/railties-7.1.3.2/lib/rails/templates/rails/welcome/index.html.erb
  Rendered /home/fzn/.rbenv/versions/3.3.0/lib/ruby/gems/3.3.0/gems/railties-7.1.3.2/lib/rails/templates/rails/welcome/index.html.erb (Duration: 0.7ms | Allocations: 374)
Completed 200 OK in 11ms (Views: 4.1ms | ActiveRecord: 0.0ms | Allocations: 4315)


Started GET "/" for ::1 at 2024-03-18 21:27:50 +0700
  [1m[36mActiveRecord::SchemaMigration Load (0.2ms)[0m  [1m[34mSELECT "schema_migrations"."version" FROM "schema_migrations" ORDER BY "schema_migrations"."version" ASC[0m
Processing by Rails::WelcomeController#index as HTML
  Rendering /home/fzn/.rbenv/versions/3.3.0/lib/ruby/gems/3.3.0/gems/railties-7.1.3.2/lib/rails/templates/rails/welcome/index.html.erb
  Rendered /home/fzn/.rbenv/versions/3.3.0/lib/ruby/gems/3.3.0/gems/railties-7.1.3.2/lib/rails/templates/rails/welcome/index.html.erb (Duration: 0.7ms | Allocations: 374)
Completed 200 OK in 7ms (Views: 2.7ms | ActiveRecord: 0.0ms | Allocations: 4315)


Started GET "/" for 127.0.0.1 at 2024-03-18 21:28:12 +0700
Processing by Rails::WelcomeController#index as HTML
  Rendering /home/fzn/.rbenv/versions/3.3.0/lib/ruby/gems/3.3.0/gems/railties-7.1.3.2/lib/rails/templates/rails/welcome/index.html.erb
  Rendered /home/fzn/.rbenv/versions/3.3.0/lib/ruby/gems/3.3.0/gems/railties-7.1.3.2/lib/rails/templates/rails/welcome/index.html.erb (Duration: 0.1ms | Allocations: 13)
Completed 200 OK in 1ms (Views: 0.6ms | ActiveRecord: 0.0ms | Allocations: 218)


Started GET "/home" for 127.0.0.1 at 2024-03-18 21:40:39 +0700
  
ActionController::RoutingError (No route matches [GET] "/home"):
  
Started GET "/home/index" for 127.0.0.1 at 2024-03-18 21:40:45 +0700
Processing by HomeController#index as HTML
  Rendering layout layouts/application.html.erb
  Rendering home/index.html.erb within layouts/application
  Rendered home/index.html.erb within layouts/application (Duration: 0.5ms | Allocations: 95)
  Rendered layout layouts/application.html.erb (Duration: 276.8ms | Allocations: 93866)
Completed 200 OK in 278ms (Views: 277.8ms | ActiveRecord: 0.0ms | Allocations: 94808)


Started GET "/home/" for 127.0.0.1 at 2024-03-18 21:40:49 +0700
  
ActionController::RoutingError (No route matches [GET] "/home"):
  
Started GET "/home/index" for 127.0.0.1 at 2024-03-18 21:42:01 +0700
Processing by HomeController#index as HTML
  Rendering layout layouts/application.html.erb
  Rendering home/index.html.erb within layouts/application
  Rendered home/index.html.erb within layouts/application (Duration: 0.2ms | Allocations: 91)
  Rendered layout layouts/application.html.erb (Duration: 13.8ms | Allocations: 15198)
Completed 200 OK in 16ms (Views: 15.1ms | ActiveRecord: 0.0ms | Allocations: 16114)


Started GET "/" for 127.0.0.1 at 2024-03-18 21:44:22 +0700
Processing by HomeController#index as HTML
  Rendering layout layouts/application.html.erb
  Rendering home/index.html.erb within layouts/application
  Rendered home/index.html.erb within layouts/application (Duration: 0.3ms | Allocations: 94)
  Rendered layout layouts/application.html.erb (Duration: 9.8ms | Allocations: 15179)
Completed 200 OK in 12ms (Views: 11.7ms | ActiveRecord: 0.0ms | Allocations: 16097)


Started GET "/" for 127.0.0.1 at 2024-03-18 21:46:18 +0700
Processing by HomeController#index as HTML
  Rendering layout layouts/application.html.erb
  Rendering home/index.html.erb within layouts/application
  Rendered home/index.html.erb within layouts/application (Duration: 0.3ms | Allocations: 95)
  Rendered layout layouts/application.html.erb (Duration: 10.2ms | Allocations: 15200)
Completed 200 OK in 13ms (Views: 11.8ms | ActiveRecord: 0.0ms | Allocations: 16119)


Started GET "/" for 127.0.0.1 at 2024-03-18 21:51:33 +0700
Processing by HomeController#index as HTML
  Rendering layout layouts/application.html.erb
  Rendering home/index.html.erb within layouts/application
  Rendered home/index.html.erb within layouts/application (Duration: 0.3ms | Allocations: 94)
  Rendered layout layouts/application.html.erb (Duration: 8.5ms | Allocations: 15212)
Completed 200 OK in 11ms (Views: 9.8ms | ActiveRecord: 0.0ms | Allocations: 16133)


Started GET "/" for 127.0.0.1 at 2024-03-18 21:51:48 +0700
Processing by HomeController#index as HTML
  Rendering layout layouts/application.html.erb
  Rendering home/index.html.erb within layouts/application
  Rendered home/index.html.erb within layouts/application (Duration: 0.3ms | Allocations: 92)
  Rendered layout layouts/application.html.erb (Duration: 12.0ms | Allocations: 15199)
Completed 200 OK in 14ms (Views: 13.8ms | ActiveRecord: 0.0ms | Allocations: 16115)


Started GET "/" for 127.0.0.1 at 2024-03-18 21:52:14 +0700
Processing by HomeController#index as HTML
  Rendering layout layouts/application.html.erb
  Rendering home/index.html.erb within layouts/application
  Rendered home/index.html.erb within layouts/application (Duration: 0.2ms | Allocations: 96)
  Rendered layout layouts/application.html.erb (Duration: 12.3ms | Allocations: 15219)
Completed 200 OK in 14ms (Views: 13.3ms | ActiveRecord: 0.0ms | Allocations: 16138)


Started GET "/" for 127.0.0.1 at 2024-03-18 21:52:15 +0700
Processing by HomeController#index as HTML
  Rendering layout layouts/application.html.erb
  Rendering home/index.html.erb within layouts/application
  Rendered home/index.html.erb within layouts/application (Duration: 0.0ms | Allocations: 7)
  Rendered layout layouts/application.html.erb (Duration: 1.8ms | Allocations: 1278)
Completed 200 OK in 2ms (Views: 2.2ms | ActiveRecord: 0.0ms | Allocations: 1524)


Started GET "/" for 127.0.0.1 at 2024-03-18 21:52:37 +0700
Processing by HomeController#index as HTML
  Rendering layout layouts/application.html.erb
  Rendering home/index.html.erb within layouts/application
  Rendered home/index.html.erb within layouts/application (Duration: 0.3ms | Allocations: 96)
  Rendered layout layouts/application.html.erb (Duration: 11.3ms | Allocations: 15197)
Completed 200 OK in 13ms (Views: 12.6ms | ActiveRecord: 0.0ms | Allocations: 16116)


Started GET "/" for 127.0.0.1 at 2024-03-18 21:52:38 +0700
Processing by HomeController#index as HTML
  Rendering layout layouts/application.html.erb
  Rendering home/index.html.erb within layouts/application
  Rendered home/index.html.erb within layouts/application (Duration: 0.1ms | Allocations: 7)
  Rendered layout layouts/application.html.erb (Duration: 2.5ms | Allocations: 1305)
Completed 200 OK in 4ms (Views: 3.2ms | ActiveRecord: 0.0ms | Allocations: 1551)


Started GET "/" for 127.0.0.1 at 2024-03-18 21:52:38 +0700
Processing by HomeController#index as HTML
  Rendering layout layouts/application.html.erb
  Rendering home/index.html.erb within layouts/application
  Rendered home/index.html.erb within layouts/application (Duration: 0.1ms | Allocations: 7)
  Rendered layout layouts/application.html.erb (Duration: 2.5ms | Allocations: 1299)
Completed 200 OK in 4ms (Views: 3.4ms | ActiveRecord: 0.0ms | Allocations: 1545)


Started GET "/" for 127.0.0.1 at 2024-03-18 21:53:48 +0700
Processing by HomeController#index as HTML
  Rendering layout layouts/application.html.erb
  Rendering home/index.html.erb within layouts/application
  Rendered home/index.html.erb within layouts/application (Duration: 0.2ms | Allocations: 96)
  Rendered layout layouts/application.html.erb (Duration: 9.6ms | Allocations: 15209)
Completed 200 OK in 13ms (Views: 10.7ms | ActiveRecord: 0.0ms | Allocations: 16128)


Started GET "/" for 127.0.0.1 at 2024-03-18 21:58:50 +0700
  
ArgumentError (Missing :controller key on routes definition, please check your routes.):
  
config/routes.rb:4:in `block in <main>'
config/routes.rb:1:in `<main>'
Started GET "/" for 127.0.0.1 at 2024-03-18 21:59:23 +0700
  
ArgumentError (Missing :controller key on routes definition, please check your routes.):
  
config/routes.rb:4:in `block in <main>'
config/routes.rb:1:in `<main>'
Started GET "/" for 127.0.0.1 at 2024-03-18 21:59:39 +0700
Processing by HomeController#index as HTML
  Rendering layout layouts/application.html.erb
  Rendering home/index.html.erb within layouts/application
  Rendered home/index.html.erb within layouts/application (Duration: 0.3ms | Allocations: 92)
  Rendered layout layouts/application.html.erb (Duration: 8.0ms | Allocations: 15285)
Completed 200 OK in 10ms (Views: 9.0ms | ActiveRecord: 0.0ms | Allocations: 16201)


Started GET "/about" for 127.0.0.1 at 2024-03-18 21:59:43 +0700
  
ActionController::RoutingError (No route matches [GET] "/about"):
  
Started GET "/about" for 127.0.0.1 at 2024-03-18 22:01:19 +0700
  
ActionController::RoutingError (No route matches [GET] "/about"):
  
Started GET "/" for 127.0.0.1 at 2024-03-18 22:01:21 +0700
Processing by HomeController#index as HTML
  Rendering layout layouts/application.html.erb
  Rendering home/index.html.erb within layouts/application
  Rendered home/index.html.erb within layouts/application (Duration: 0.3ms | Allocations: 92)
  Rendered layout layouts/application.html.erb (Duration: 9.7ms | Allocations: 15289)
Completed 200 OK in 12ms (Views: 11.0ms | ActiveRecord: 0.0ms | Allocations: 16164)


Started GET "/about" for 127.0.0.1 at 2024-03-18 22:01:24 +0700
  
ActionController::RoutingError (No route matches [GET] "/about"):
  
Started GET "/about" for 127.0.0.1 at 2024-03-18 22:02:13 +0700
  
ArgumentError (Missing :controller key on routes definition, please check your routes.):
  
config/routes.rb:4:in `block in <main>'
config/routes.rb:1:in `<main>'
Started GET "/home/about" for 127.0.0.1 at 2024-03-18 22:03:44 +0700
Processing by HomeController#about as HTML
  Rendering layout layouts/application.html.erb
  Rendering home/about.html.erb within layouts/application
  Rendered home/about.html.erb within layouts/application (Duration: 0.3ms | Allocations: 91)
  Rendered layout layouts/application.html.erb (Duration: 10.3ms | Allocations: 15284)
Completed 200 OK in 12ms (Views: 11.4ms | ActiveRecord: 0.0ms | Allocations: 16202)


